[2025-10-06 03:21:48] GET action=list input=[]
[2025-10-06 03:21:48] list -> 3 cats
[2025-10-06 03:21:55] GET action=list input=[]
[2025-10-06 03:21:55] list -> 3 cats
[2025-10-06 03:22:00] POST action=rename input={"from":"12","to":"36"}
[2025-10-06 03:22:00] rename '12' -> '36' ok
[2025-10-06 03:22:00] GET action=list input=[]
[2025-10-06 03:22:00] list -> 4 cats
[2025-10-06 03:22:00] GET action=list input=[]
[2025-10-06 03:22:00] list -> 4 cats
[2025-10-06 03:22:06] GET action=list input=[]
[2025-10-06 03:22:06] list -> 4 cats
[2025-10-06 03:22:10] GET action=list input=[]
[2025-10-06 03:22:10] list -> 4 cats
[2025-10-06 03:22:10] POST action=rename input={"from":"36","to":"444"}
[2025-10-06 03:22:10] rename '36' -> '444' ok
[2025-10-06 03:22:10] GET action=list input=[]
[2025-10-06 03:22:10] list -> 5 cats
[2025-10-06 03:22:36] GET action=list input=[]
[2025-10-06 03:22:36] list -> 5 cats
[2025-10-06 03:22:43] GET action=list input=[]
[2025-10-06 03:22:43] list -> 5 cats
[2025-10-06 03:22:53] GET action=list input=[]
[2025-10-06 03:22:53] list -> 5 cats
[2025-10-06 03:28:09] GET action=list input=[]
[2025-10-06 03:28:09] list -> 5 cats
[2025-10-06 03:28:18] GET action=list input=[]
[2025-10-06 03:28:18] list -> 5 cats
[2025-10-06 03:30:27] GET action=list input=[]
[2025-10-06 03:30:27] list -> 5 cats
[2025-10-06 03:31:02] GET action=list input=[]
[2025-10-06 03:31:02] list -> 5 cats
[2025-10-06 03:31:17] GET action=list input=[]
[2025-10-06 03:31:17] list -> 5 cats
[2025-10-06 03:31:27] GET action=list input=[]
[2025-10-06 03:31:27] list -> 5 cats
[2025-10-06 03:31:47] GET action=list input=[]
[2025-10-06 03:31:47] list -> 5 cats
[2025-10-06 03:32:18] GET action=list input=[]
[2025-10-06 03:32:18] list -> 5 cats
[2025-10-06 03:32:18] POST action=rename input={"from":"223","to":"22222"}
[2025-10-06 03:32:18] rename '223' -> '22222' ok
[2025-10-06 03:32:18] GET action=list input=[]
[2025-10-06 03:32:18] list -> 6 cats
[2025-10-06 03:39:33] GET action=list input=[]
[2025-10-06 03:39:33] list -> 6 cats
[2025-10-06 03:39:38] GET action=list input=[]
[2025-10-06 03:39:38] list -> 6 cats
[2025-10-06 03:39:43] GET action=list input=[]
[2025-10-06 03:39:43] list -> 6 cats
[2025-10-06 03:39:43] POST action=rename input={"from":"12","to":"p"}
[2025-10-06 03:39:43] rename '12' -> 'p' ok
[2025-10-06 03:39:43] GET action=list input=[]
[2025-10-06 03:39:43] list -> 7 cats
[2025-10-06 03:39:50] GET action=list input=[]
[2025-10-06 03:39:50] list -> 7 cats
[2025-10-06 03:39:50] POST action=remove input={"name":"12"}
[2025-10-06 03:39:50] remove '12' ok, total=7
[2025-10-06 03:39:50] GET action=list input=[]
[2025-10-06 03:39:50] list -> 7 cats
[2025-10-06 03:40:05] GET action=list input=[]
[2025-10-06 03:40:05] list -> 7 cats
[2025-10-06 03:40:11] GET action=list input=[]
[2025-10-06 03:40:11] list -> 7 cats
[2025-10-06 03:40:11] POST action=rename input={"from":"444","to":"qqwww"}
[2025-10-06 03:40:11] rename '444' -> 'qqwww' ok
[2025-10-06 03:40:11] GET action=list input=[]
[2025-10-06 03:40:11] list -> 8 cats
[2025-10-06 03:40:47] GET action=list input=[]
[2025-10-06 03:40:47] list -> 8 cats
[2025-10-06 03:41:00] GET action=list input=[]
[2025-10-06 03:41:00] list -> 8 cats
[2025-10-06 03:41:00] POST action=rename input={"from":"12","to":"we"}
[2025-10-06 03:41:00] rename '12' -> 'we' ok
[2025-10-06 03:41:00] GET action=list input=[]
[2025-10-06 03:41:00] list -> 9 cats
[2025-10-06 03:43:57] GET action=list input=[]
[2025-10-06 03:43:57] list -> 9 cats
[2025-10-06 03:44:05] GET action=list input=[]
[2025-10-06 03:44:05] list -> 9 cats
[2025-10-06 03:44:05] POST action=rename input={"from":"未分类","to":"11111144444"}
[2025-10-06 03:44:05] GET action=list input=[]
[2025-10-06 03:44:05] list -> 9 cats
[2025-10-06 03:45:46] POST action=rename input={"from":"36","to":"pppppppppppp"}
[2025-10-06 03:45:46] rename '36' -> 'pppppppppppp' ok
[2025-10-06 03:45:46] GET action=list input=[]
[2025-10-06 03:45:46] list -> 10 cats
[2025-10-06 03:45:46] GET action=list input=[]
[2025-10-06 03:45:46] list -> 10 cats
[2025-10-06 03:50:50] GET action=list input=[]
[2025-10-06 03:50:50] list -> 10 cats
[2025-10-06 03:51:01] POST action=remove input={"name":"12"}
[2025-10-06 03:51:01] remove '12' ok, total=9
[2025-10-06 03:51:01] GET action=list input=[]
[2025-10-06 03:51:01] list -> 9 cats
[2025-10-06 03:51:01] GET action=list input=[]
[2025-10-06 03:51:01] list -> 9 cats
[2025-10-06 03:51:05] POST action=remove input={"name":"223"}
[2025-10-06 03:51:05] remove '223' ok, total=8
[2025-10-06 03:51:05] GET action=list input=[]
[2025-10-06 03:51:05] list -> 8 cats
[2025-10-06 03:51:05] GET action=list input=[]
[2025-10-06 03:51:05] list -> 8 cats
[2025-10-06 03:51:13] POST action=rename input={"from":"36","to":"1"}
[2025-10-06 03:51:13] rename '36' -> '1' ok
[2025-10-06 03:51:13] GET action=list input=[]
[2025-10-06 03:51:13] list -> 8 cats
[2025-10-06 03:51:13] GET action=list input=[]
[2025-10-06 03:51:13] list -> 8 cats
[2025-10-06 03:51:45] GET action=list input=[]
[2025-10-06 03:51:45] list -> 8 cats
[2025-10-06 03:52:11] GET action=list input=[]
[2025-10-06 03:52:11] list -> 8 cats
[2025-10-06 03:52:14] GET action=list input=[]
[2025-10-06 03:52:14] list -> 8 cats
[2025-10-06 03:52:14] GET action=list input=[]
[2025-10-06 03:52:14] list -> 8 cats
[2025-10-06 03:52:15] GET action=list input=[]
[2025-10-06 03:52:15] list -> 8 cats
[2025-10-06 03:52:15] GET action=list input=[]
[2025-10-06 03:52:15] list -> 8 cats
[2025-10-06 03:52:26] GET action=list input=[]
[2025-10-06 03:52:26] list -> 8 cats
[2025-10-06 03:52:29] GET action=list input=[]
[2025-10-06 03:52:29] list -> 8 cats
[2025-10-06 03:58:28] GET action=list input=[]
[2025-10-06 03:58:28] list -> 8 cats
[2025-10-06 03:59:27] GET action=list input=[]
[2025-10-06 03:59:27] list -> 8 cats
[2025-10-06 04:04:19] GET action=list input=[]
[2025-10-06 04:04:19] list -> 8 cats
[2025-10-06 04:04:27] GET action=list input=[]
[2025-10-06 04:04:27] list -> 8 cats
[2025-10-06 04:05:13] GET action=list input=[]
[2025-10-06 04:05:13] list -> 8 cats
[2025-10-06 04:09:29] GET action=list input=[]
[2025-10-06 04:09:29] list -> 8 cats
[2025-10-06 04:09:37] GET action=list input=[]
[2025-10-06 04:09:37] list -> 8 cats
[2025-10-06 04:09:48] GET action=list input=[]
[2025-10-06 04:09:48] list -> 8 cats
[2025-10-06 04:11:39] GET action=list input=[]
[2025-10-06 04:11:39] list -> 8 cats
[2025-10-06 04:11:45] GET action=list input=[]
[2025-10-06 04:11:45] list -> 8 cats
[2025-10-06 04:11:51] GET action=list input=[]
[2025-10-06 04:11:51] list -> 8 cats
[2025-10-06 04:13:55] GET action=list input=[]
[2025-10-06 04:13:55] list -> 8 cats
[2025-10-06 04:15:12] GET action=list input=[]
[2025-10-06 04:15:12] list -> 8 cats
[2025-10-06 04:15:13] GET action=list input=[]
[2025-10-06 04:15:13] list -> 8 cats
[2025-10-06 04:15:14] GET action=list input=[]
[2025-10-06 04:15:14] list -> 8 cats
[2025-10-06 04:15:14] GET action=list input=[]
[2025-10-06 04:15:14] list -> 8 cats
[2025-10-06 04:15:14] GET action=list input=[]
[2025-10-06 04:15:14] list -> 8 cats
[2025-10-06 04:15:14] GET action=list input=[]
[2025-10-06 04:15:14] list -> 8 cats
[2025-10-06 04:15:15] GET action=list input=[]
[2025-10-06 04:15:15] list -> 8 cats
[2025-10-06 04:15:15] GET action=list input=[]
[2025-10-06 04:15:15] list -> 8 cats
[2025-10-06 04:15:15] GET action=list input=[]
[2025-10-06 04:15:15] list -> 8 cats
[2025-10-06 04:15:16] GET action=list input=[]
[2025-10-06 04:15:16] list -> 8 cats
[2025-10-06 04:15:16] GET action=list input=[]
[2025-10-06 04:15:16] list -> 8 cats
[2025-10-06 04:15:16] GET action=list input=[]
[2025-10-06 04:15:16] list -> 8 cats
[2025-10-06 04:15:17] GET action=list input=[]
[2025-10-06 04:15:17] list -> 8 cats
[2025-10-06 04:15:17] GET action=list input=[]
[2025-10-06 04:15:17] list -> 8 cats
[2025-10-06 04:15:17] GET action=list input=[]
[2025-10-06 04:15:17] list -> 8 cats
[2025-10-06 04:15:17] GET action=list input=[]
[2025-10-06 04:15:17] list -> 8 cats
[2025-10-06 04:15:18] GET action=list input=[]
[2025-10-06 04:15:18] list -> 8 cats
[2025-10-06 04:15:18] GET action=list input=[]
[2025-10-06 04:15:18] list -> 8 cats
[2025-10-06 04:18:42] GET action=list input=[]
[2025-10-06 04:18:42] list -> 8 cats
[2025-10-06 04:22:19] GET action=list input=[]
[2025-10-06 04:22:19] list -> 8 cats
[2025-10-06 04:22:20] GET action=list input=[]
[2025-10-06 04:22:20] list -> 8 cats
[2025-10-06 04:23:07] GET action=list input=[]
[2025-10-06 04:23:07] list -> 8 cats
[2025-10-06 04:23:09] GET action=list input=[]
[2025-10-06 04:23:09] list -> 8 cats
[2025-10-06 04:23:09] GET action=list input=[]
[2025-10-06 04:23:09] list -> 8 cats
[2025-10-06 04:23:10] GET action=list input=[]
[2025-10-06 04:23:10] list -> 8 cats
[2025-10-06 04:23:10] GET action=list input=[]
[2025-10-06 04:23:10] list -> 8 cats
[2025-10-06 04:23:10] GET action=list input=[]
[2025-10-06 04:23:10] list -> 8 cats
[2025-10-06 04:23:11] GET action=list input=[]
[2025-10-06 04:23:11] list -> 8 cats
[2025-10-06 04:23:30] GET action=list input=[]
[2025-10-06 04:23:30] list -> 8 cats
[2025-10-06 04:23:38] GET action=list input=[]
[2025-10-06 04:23:38] list -> 8 cats
[2025-10-06 04:24:51] GET action=list input=[]
[2025-10-06 04:24:51] list -> 8 cats
[2025-10-06 04:25:28] GET action=list input=[]
[2025-10-06 04:25:28] list -> 8 cats
